<?xml version="1.0" encoding="UTF-8"?>
<!-- Generated by org.testng.reporters.JUnitXMLReporter -->
<testsuite ignored="2" hostname="DESKTOP-LV82ONI" failures="0" tests="1" name="Test" time="0.107" errors="0" timestamp="2020-02-12T19:15:48 IST">
  <testcase classname="com.actitime.test.GroupExecution" name="CreateCustomer" time="0.028"/>
  <testcase classname="com.actitime.test.GroupExecution" name="EditCustomer" time="0.0">
    <ignored/>
  </testcase> <!-- EditCustomer -->
  <testcase classname="com.actitime.test.GroupExecution" name="DeleteCustomer" time="0.0">
    <ignored/>
  </testcase> <!-- DeleteCustomer -->
</testsuite> <!-- Test -->
