<?xml version="1.0" encoding="UTF-8"?>
<testng-results ignored="0" total="1" passed="1" failed="0" skipped="0">
  <reporter-output>
  </reporter-output>
  <suite started-at="2020-02-21T01:15:22 IST" name="Default suite" finished-at="2020-02-21T01:15:37 IST" duration-ms="15400">
    <groups>
    </groups>
    <test started-at="2020-02-21T01:15:22 IST" name="Default test" finished-at="2020-02-21T01:15:37 IST" duration-ms="15400">
      <class name="com.actitime.test.AssertValidation">
        <test-method signature="testGoogle()[pri:0, instance:com.actitime.test.AssertValidation@5a955565]" started-at="2020-02-21T01:15:22 IST" name="testGoogle" finished-at="2020-02-21T01:15:37 IST" duration-ms="15356" status="PASS">
          <reporter-output>
          </reporter-output>
        </test-method> <!-- testGoogle -->
      </class> <!-- com.actitime.test.AssertValidation -->
    </test> <!-- Default test -->
  </suite> <!-- Default suite -->
</testng-results>
